<?xml version="1.0" encoding="UTF-8" ?>
<testsuites>
  <testsuite errors="0" failures="0" hostname="Ganael" id="0" name="FifoTest" package="fr.imtld.ilog" skipped="0" tests="14" time="0.208" timestamp="2023-02-10T14:11:03">
      <properties>
[...]
</properties>

      <testcase classname="fr.imtld.ilog.FifoTest" name="testAllSavedObjects" time="0.016" />

      <testcase classname="fr.imtld.ilog.FifoTest" name="testAllSavedInts" time="0.002" />

      <testcase classname="fr.imtld.ilog.FifoTest" name="testSaveObjects" time="0.0" />

      <testcase classname="fr.imtld.ilog.FifoTest" name="testAddInts" time="0.001" />

      <testcase classname="fr.imtld.ilog.FifoTest" name="testAddNull" time="0.001" />

      <testcase classname="fr.imtld.ilog.FifoTest" name="testSaveEmptyFifo" time="0.0" />

      <testcase classname="fr.imtld.ilog.FifoTest" name="testSaveInts" time="0.0" />

      <testcase classname="fr.imtld.ilog.FifoTest" name="testInitiallyEmpty" time="0.001" />

      <testcase classname="fr.imtld.ilog.FifoTest" name="testAddObjects" time="0.001" />

      <testcase classname="fr.imtld.ilog.FifoTest" name="testRemoveObject" time="0.0" />

      <testcase classname="fr.imtld.ilog.FifoTest" name="testRemoveEmptyFifo" time="0.0" />

      <testcase classname="fr.imtld.ilog.FifoTest" name="testAddRemove" time="0.0" />

      <testcase classname="fr.imtld.ilog.FifoTest" name="testRemoveInt" time="0.001" />

      <testcase classname="fr.imtld.ilog.FifoTest" name="testSizeResetSaved" time="0.0" />

      <system-out><![CDATA[testAllSavedObjects
testAllSavedInts
testSaveObjects
testAddInts
testAddNull
testSaveEmptyFifo
testSaveInts
testInitiallyEmpty
testAddObjects
testRemoveObject
testRemoveEmptyFifo
testAddRemove
testRemoveInt
testSizeResetSaved
]]></system-out>

      <system-err><![CDATA[]]></system-err>

  </testsuite>
</testsuites>
